[0m12:14:08.201333 [debug] [MainThread]: Sending event: {'category': 'dbt', 'action': 'invocation', 'label': 'start', 'context': [<snowplow_tracker.self_describing_json.SelfDescribingJson object at 0x000001A956C84190>, <snowplow_tracker.self_describing_json.SelfDescribingJson object at 0x000001A956C86710>, <snowplow_tracker.self_describing_json.SelfDescribingJson object at 0x000001A956C86190>]}


============================== 12:14:08.206105 | 189f63c8-7774-481a-a148-f164bb4ab582 ==============================
[0m12:14:08.206105 [info ] [MainThread]: Running with dbt=1.7.7
[0m12:14:08.207110 [debug] [MainThread]: running dbt with arguments {'printer_width': '80', 'indirect_selection': 'eager', 'log_cache_events': 'False', 'write_json': 'True', 'partial_parse': 'True', 'cache_selected_only': 'False', 'warn_error': 'None', 'version_check': 'True', 'fail_fast': 'False', 'log_path': 'logs', 'profiles_dir': 'C:\\Users\\Hp\\.dbt', 'debug': 'False', 'use_colors': 'True', 'use_experimental_parser': 'False', 'no_print': 'None', 'quiet': 'False', 'log_format': 'default', 'introspect': 'True', 'invocation_command': 'dbt init', 'static_parser': 'True', 'target_path': 'None', 'warn_error_options': 'WarnErrorOptions(include=[], exclude=[])', 'send_anonymous_usage_stats': 'True'}
[0m12:14:19.319339 [debug] [MainThread]: Starter project path: C:\Users\Hp\AppData\Local\Programs\Python\Python311\Lib\site-packages\dbt\include\starter_project
[0m12:14:19.381304 [info ] [MainThread]: 
Your new dbt project "test" was created!

For more information on how to configure the profiles.yml file,
please consult the dbt documentation here:

  https://docs.getdbt.com/docs/configure-your-profile

One more thing:

Need help? Don't hesitate to reach out to us via GitHub issues or on Slack:

  https://community.getdbt.com/

Happy modeling!

[0m12:14:19.381304 [info ] [MainThread]: Setting up your profile.
[0m12:14:51.837010 [info ] [MainThread]: Profile test written to C:\Users\Hp\.dbt\profiles.yml using target's profile_template.yml and your supplied values. Run 'dbt debug' to validate the connection.
[0m12:14:51.839592 [debug] [MainThread]: Command `dbt init` succeeded at 12:14:51.839592 after 43.69 seconds
[0m12:14:51.840600 [debug] [MainThread]: Sending event: {'category': 'dbt', 'action': 'invocation', 'label': 'end', 'context': [<snowplow_tracker.self_describing_json.SelfDescribingJson object at 0x000001A9566214D0>, <snowplow_tracker.self_describing_json.SelfDescribingJson object at 0x000001A9566B0050>, <snowplow_tracker.self_describing_json.SelfDescribingJson object at 0x000001A956549E90>]}
[0m12:14:51.841600 [debug] [MainThread]: Flushing usage events
[0m12:15:04.879522 [debug] [MainThread]: Sending event: {'category': 'dbt', 'action': 'invocation', 'label': 'start', 'context': [<snowplow_tracker.self_describing_json.SelfDescribingJson object at 0x000001E40BB24750>, <snowplow_tracker.self_describing_json.SelfDescribingJson object at 0x000001E40BB6A010>, <snowplow_tracker.self_describing_json.SelfDescribingJson object at 0x000001E409C0D050>]}


============================== 12:15:04.884228 | ab42e54a-378f-4f6f-8dec-0f18b13cf0da ==============================
[0m12:15:04.884228 [info ] [MainThread]: Running with dbt=1.7.7
[0m12:15:04.885235 [debug] [MainThread]: running dbt with arguments {'printer_width': '80', 'indirect_selection': 'eager', 'write_json': 'True', 'log_cache_events': 'False', 'partial_parse': 'True', 'cache_selected_only': 'False', 'warn_error': 'None', 'version_check': 'True', 'debug': 'False', 'log_path': 'logs', 'profiles_dir': 'C:\\Users\\Hp\\.dbt', 'fail_fast': 'False', 'use_colors': 'True', 'use_experimental_parser': 'False', 'no_print': 'None', 'quiet': 'False', 'log_format': 'default', 'invocation_command': 'dbt debug', 'introspect': 'True', 'warn_error_options': 'WarnErrorOptions(include=[], exclude=[])', 'target_path': 'None', 'static_parser': 'True', 'send_anonymous_usage_stats': 'True'}
[0m12:15:04.885235 [info ] [MainThread]: dbt version: 1.7.7
[0m12:15:04.886235 [info ] [MainThread]: python version: 3.11.4
[0m12:15:04.887295 [info ] [MainThread]: python path: C:\Users\Hp\AppData\Local\Programs\Python\Python311\python.exe
[0m12:15:04.887295 [info ] [MainThread]: os info: Windows-10-10.0.22631-SP0
[0m12:15:08.807201 [info ] [MainThread]: Using profiles dir at C:\Users\Hp\.dbt
[0m12:15:08.807201 [info ] [MainThread]: Using profiles.yml file at C:\Users\Hp\.dbt\profiles.yml
[0m12:15:08.808153 [info ] [MainThread]: Using dbt_project.yml file at D:\Projects\dbt-core\dbt_project.yml
[0m12:15:08.809166 [error] [MainThread]: Encountered an error:
Internal Error
  Profile should not be None if loading profile completed
[0m12:15:08.810154 [debug] [MainThread]: Command `dbt debug` failed at 12:15:08.810154 after 3.98 seconds
[0m12:15:08.811161 [debug] [MainThread]: Sending event: {'category': 'dbt', 'action': 'invocation', 'label': 'end', 'context': [<snowplow_tracker.self_describing_json.SelfDescribingJson object at 0x000001E40B4BC590>, <snowplow_tracker.self_describing_json.SelfDescribingJson object at 0x000001E40B7B0650>, <snowplow_tracker.self_describing_json.SelfDescribingJson object at 0x000001E40B7B2310>]}
[0m12:15:08.811161 [debug] [MainThread]: Flushing usage events
